TeamCode/build/intermediates/manifest_merge_blame_file/debug/manifest-merger-blame-debug-report.txt
1<?xml version="1.0" encoding="utf-8"?>
2<!--
3 Note: the actual manifest file used in your APK merges this file with contributions
4     from the modules on which your app depends (such as FtcRobotController, etc).
5     So it won't ultimately be as empty as it might here appear to be :-)
6-->
7<!-- The package name here determines the package for your R class and your BuildConfig class -->
8<manifest xmlns:android="http://schemas.android.com/apk/res/android"
9    package="com.qualcomm.ftcrobotcontroller"
10    android:versionCode="36"
11    android:versionName="5.4" >
12
13    <uses-sdk
14        android:minSdkVersion="24"
14-->src/main/AndroidManifest.xml
15        android:targetSdkVersion="28" />
15-->src/main/AndroidManifest.xml
16
17    <uses-permission android:name="android.permission.RECEIVE_BOOT_COMPLETED" />
17-->[:FtcRobotController] AndroidManifest.xml:12:5-81
17-->[:FtcRobotController] AndroidManifest.xml:12:22-78
18    <uses-permission
18-->[:RobotCore-release:] AndroidManifest.xml:11:5-13:35
19        android:name="android.permission.ACCESS_WIFI_STATE"
19-->[:RobotCore-release:] AndroidManifest.xml:12:9-60
20        android:required="true" />
20-->[:RobotCore-release:] AndroidManifest.xml:13:9-32
21    <uses-permission
21-->[:RobotCore-release:] AndroidManifest.xml:14:5-16:35
22        android:name="android.permission.CHANGE_WIFI_STATE"
22-->[:RobotCore-release:] AndroidManifest.xml:15:9-60
23        android:required="true" />
23-->[:RobotCore-release:] AndroidManifest.xml:16:9-32
24    <uses-permission android:name="android.permission.BLUETOOTH" />
24-->[:RobotCore-release:] AndroidManifest.xml:17:5-68
24-->[:RobotCore-release:] AndroidManifest.xml:17:22-65
25    <uses-permission
25-->[:RobotCore-release:] AndroidManifest.xml:18:5-20:35
26        android:name="android.permission.ACCESS_NETWORK_STATE"
26-->[:RobotCore-release:] AndroidManifest.xml:19:9-63
27        android:required="true" />
27-->[:RobotCore-release:] AndroidManifest.xml:20:9-32
28    <uses-permission
28-->[:RobotCore-release:] AndroidManifest.xml:21:5-23:35
29        android:name="android.permission.CHANGE_NETWORK_STATE"
29-->[:RobotCore-release:] AndroidManifest.xml:22:9-63
30        android:required="true" />
30-->[:RobotCore-release:] AndroidManifest.xml:23:9-32
31    <uses-permission
31-->[:RobotCore-release:] AndroidManifest.xml:24:5-26:35
32        android:name="android.permission.INTERNET"
32-->[:RobotCore-release:] AndroidManifest.xml:25:9-51
33        android:required="true" /> <!-- Classified as Dangerous Permission in SDK 26 -->
33-->[:RobotCore-release:] AndroidManifest.xml:26:9-32
34    <uses-permission
34-->[:RobotCore-release:] AndroidManifest.xml:29:5-31:35
35        android:name="android.permission.WRITE_EXTERNAL_STORAGE"
35-->[:RobotCore-release:] AndroidManifest.xml:30:9-65
36        android:required="true" /> <!-- Classified as Dangerous Permission in SDK 26 -->
36-->[:RobotCore-release:] AndroidManifest.xml:31:9-32
37    <uses-permission
37-->[:RobotCore-release:] AndroidManifest.xml:33:5-35:35
38        android:name="android.permission.READ_EXTERNAL_STORAGE"
38-->[:RobotCore-release:] AndroidManifest.xml:34:9-64
39        android:required="true" /> <!-- Classified as System Permission in SDK 26 -->
39-->[:RobotCore-release:] AndroidManifest.xml:35:9-32
40    <uses-permission
40-->[:RobotCore-release:] AndroidManifest.xml:38:5-40:35
41        android:name="android.permission.WRITE_SETTINGS"
41-->[:RobotCore-release:] AndroidManifest.xml:39:9-57
42        android:required="true" /> <!-- see AppUtil.setTimeZone() -->
42-->[:RobotCore-release:] AndroidManifest.xml:40:9-32
43    <uses-permission
43-->[:RobotCore-release:] AndroidManifest.xml:43:5-45:35
44        android:name="android.permission.SET_TIME_ZONE"
44-->[:RobotCore-release:] AndroidManifest.xml:44:9-56
45        android:required="true" />
45-->[:RobotCore-release:] AndroidManifest.xml:45:9-32
46    <!--
47  Note: we suspect that this (android.permission.WAKE_LOCK) is no
48  longer needed, but haven't yet found the time necessary to verify
49  that assertion before removing it
50    -->
51    <uses-permission
51-->[:RobotCore-release:] AndroidManifest.xml:52:5-54:35
52        android:name="android.permission.WAKE_LOCK"
52-->[:RobotCore-release:] AndroidManifest.xml:53:9-52
53        android:required="true" />
53-->[:RobotCore-release:] AndroidManifest.xml:54:9-32
54    <uses-permission android:name="android.permission.CAMERA" />
54-->[:RobotCore-release:] AndroidManifest.xml:55:5-65
54-->[:RobotCore-release:] AndroidManifest.xml:55:22-62
55    <uses-permission
55-->[:RobotCore-release:] AndroidManifest.xml:56:5-58:35
56        android:name="android.permission.ACCESS_COARSE_LOCATION"
56-->[:RobotCore-release:] AndroidManifest.xml:57:9-65
57        android:required="true" />
57-->[:RobotCore-release:] AndroidManifest.xml:58:9-32
58    <uses-permission
58-->[:RobotCore-release:] AndroidManifest.xml:59:5-61:35
59        android:name="android.permission.ACCESS_FINE_LOCATION"
59-->[:RobotCore-release:] AndroidManifest.xml:60:9-63
60        android:required="true" />
60-->[:RobotCore-release:] AndroidManifest.xml:61:9-32
61    <uses-permission
61-->[:RobotCore-release:] AndroidManifest.xml:62:5-64:35
62        android:name="android.permission.READ_PHONE_STATE"
62-->[:RobotCore-release:] AndroidManifest.xml:63:9-59
63        android:required="true" />
63-->[:RobotCore-release:] AndroidManifest.xml:64:9-32
64    <uses-permission
64-->[:RobotCore-release:] AndroidManifest.xml:65:5-67:35
65        android:name="com.revrobotics.permission.UPDATE_CONTROL_HUB"
65-->[:RobotCore-release:] AndroidManifest.xml:66:9-69
66        android:required="true" />
66-->[:RobotCore-release:] AndroidManifest.xml:67:9-32
67
68    <uses-feature android:name="android.hardware.usb.accessory" />
68-->[:RobotCore-release:] AndroidManifest.xml:69:5-67
68-->[:RobotCore-release:] AndroidManifest.xml:69:19-64
69    <uses-feature android:glEsVersion="0x00020000" />
69-->[:RobotCore-release:] AndroidManifest.xml:70:5-54
69-->[:RobotCore-release:] AndroidManifest.xml:70:19-51
70    <!--
71        NOTE: Any application that requests the CAMERA permission but does not
72        declare any camera features with the <uses-feature> element will be
73        assumed to use all camera features (auto-focus and flash). Thus, the
74        application will not be compatible with devices that do not support
75        all camera features. We use <uses-feature> to declare only the
76        camera features that our application does need. For instance, if you
77        request the CAMERA permission, but you do not need auto-focus or
78        flash, then declare only the android.hardware.camera feature. The
79        other camera features that you do not request will no longer be
80        assumed as required.
81    -->
82    <uses-feature android:name="android.hardware.camera" />
82-->[:RobotCore-release:] AndroidManifest.xml:84:5-60
82-->[:RobotCore-release:] AndroidManifest.xml:84:19-57
83
84    <uses-permission android:name="android.permission.BLUETOOTH_ADMIN" />
84-->[:Inspection-release:] AndroidManifest.xml:12:5-74
84-->[:Inspection-release:] AndroidManifest.xml:12:22-71
85
86    <application
86-->src/main/AndroidManifest.xml:11:5-19
87        android:name="org.firstinspires.ftc.robotcore.internal.system.RobotApplication"
87-->[:RobotCore-release:] AndroidManifest.xml:86:18-97
88        android:allowBackup="true"
88-->[:FtcRobotController] AndroidManifest.xml:15:9-35
89        android:appComponentFactory="android.support.v4.app.CoreComponentFactory"
89-->[com.android.support:support-compat:28.0.0] AndroidManifest.xml:22:18-91
90        android:debuggable="true"
91        android:icon="@drawable/ic_launcher"
91-->[:FtcRobotController] AndroidManifest.xml:16:9-45
92        android:label="@string/app_name"
92-->[:FtcRobotController] AndroidManifest.xml:17:9-41
93        android:largeHeap="true"
93-->[:FtcRobotController] AndroidManifest.xml:18:9-33
94        android:theme="@style/AppThemeRedRC" > <!-- Indicates to the ControlHubUpdater what the latest version of the Control Hub is that this app supports -->
94-->[:FtcRobotController] AndroidManifest.xml:19:9-45
95        <meta-data
95-->[:FtcRobotController] AndroidManifest.xml:22:9-24:33
96            android:name="org.firstinspires.latestSupportedControlHubVersion"
96-->[:FtcRobotController] AndroidManifest.xml:23:13-78
97            android:value="1" /> <!-- The main robot controller activity -->
97-->[:FtcRobotController] AndroidManifest.xml:24:13-30
98        <activity
98-->[:FtcRobotController] AndroidManifest.xml:27:9-38:20
99            android:name="org.firstinspires.ftc.robotcontroller.internal.PermissionValidatorWrapper"
99-->[:FtcRobotController] AndroidManifest.xml:28:13-101
100            android:configChanges="orientation|screenSize"
100-->[:FtcRobotController] AndroidManifest.xml:29:13-59
101            android:label="@string/app_name"
101-->[:FtcRobotController] AndroidManifest.xml:30:13-45
102            android:launchMode="singleTask"
102-->[:FtcRobotController] AndroidManifest.xml:31:13-44
103            android:screenOrientation="fullUser" >
103-->[:FtcRobotController] AndroidManifest.xml:32:13-49
104            <intent-filter>
104-->[:FtcRobotController] AndroidManifest.xml:33:13-37:29
105                <category android:name="android.intent.category.LAUNCHER" />
105-->[:FtcRobotController] AndroidManifest.xml:34:17-77
105-->[:FtcRobotController] AndroidManifest.xml:34:27-74
106
107                <action android:name="android.intent.action.MAIN" />
107-->[:FtcRobotController] AndroidManifest.xml:36:17-69
107-->[:FtcRobotController] AndroidManifest.xml:36:25-66
108            </intent-filter>
109        </activity>
110        <activity
110-->[:FtcRobotController] AndroidManifest.xml:39:9-57:20
111            android:name="org.firstinspires.ftc.robotcontroller.internal.FtcRobotControllerActivity"
111-->[:FtcRobotController] AndroidManifest.xml:40:13-101
112            android:configChanges="orientation|screenSize"
112-->[:FtcRobotController] AndroidManifest.xml:41:13-59
113            android:label="@string/app_name"
113-->[:FtcRobotController] AndroidManifest.xml:42:13-45
114            android:launchMode="singleTask"
114-->[:FtcRobotController] AndroidManifest.xml:43:13-44
115            android:screenOrientation="fullUser" >
115-->[:FtcRobotController] AndroidManifest.xml:44:13-49
116            <intent-filter>
116-->[:FtcRobotController] AndroidManifest.xml:45:13-47:29
117                <action android:name="android.hardware.usb.action.USB_DEVICE_ATTACHED" />
117-->[:FtcRobotController] AndroidManifest.xml:46:17-90
117-->[:FtcRobotController] AndroidManifest.xml:46:25-87
118            </intent-filter>
119
120            <meta-data
120-->[:FtcRobotController] AndroidManifest.xml:49:13-51:57
121                android:name="android.hardware.usb.action.USB_DEVICE_ATTACHED"
121-->[:FtcRobotController] AndroidManifest.xml:50:17-79
122                android:resource="@xml/device_filter" />
122-->[:FtcRobotController] AndroidManifest.xml:51:17-54
123
124            <!-- org.firstinspires.main.entry indicates that this app is compatible with the Dragonboard Control Hub -->
125            <meta-data
125-->[:FtcRobotController] AndroidManifest.xml:54:13-56:40
126                android:name="org.firstinspires.main.entry"
126-->[:FtcRobotController] AndroidManifest.xml:55:17-60
127                android:value="true" />
127-->[:FtcRobotController] AndroidManifest.xml:56:17-37
128        </activity> <!-- The robot controller service in which most of the robot functionality is managed -->
129        <service
129-->[:FtcRobotController] AndroidManifest.xml:60:9-62:38
130            android:name="com.qualcomm.ftccommon.FtcRobotControllerService"
130-->[:FtcRobotController] AndroidManifest.xml:61:13-76
131            android:enabled="true" /> <!-- Service that keeps desktop folders up to date with respect to actual phone file system contents -->
131-->[:FtcRobotController] AndroidManifest.xml:62:13-35
132        <service
132-->[:RobotCore-release:] AndroidManifest.xml:89:9-91:38
133            android:name="org.firstinspires.ftc.robotcore.internal.files.MediaTransferProtocolMonitorService"
133-->[:RobotCore-release:] AndroidManifest.xml:90:13-110
134            android:enabled="true" />
134-->[:RobotCore-release:] AndroidManifest.xml:91:13-35
135
136        <meta-data
136-->[:RobotCore-release:] AndroidManifest.xml:93:9-95:41
137            android:name="autoStartService.org.firstinspires.ftc.robotcore.internal.files.MediaTransferProtocolMonitorService"
137-->[:RobotCore-release:] AndroidManifest.xml:94:13-127
138            android:value="BOTH|1000" /> <!-- Service that provides build services for OnBotJava -->
138-->[:RobotCore-release:] AndroidManifest.xml:95:13-38
139        <service
139-->[:RobotCore-release:] AndroidManifest.xml:98:9-100:38
140            android:name="org.firstinspires.ftc.onbotjava.OnBotJavaService"
140-->[:RobotCore-release:] AndroidManifest.xml:99:13-76
141            android:enabled="true" />
141-->[:RobotCore-release:] AndroidManifest.xml:100:13-35
142
143        <meta-data
143-->[:RobotCore-release:] AndroidManifest.xml:102:9-104:39
144            android:name="autoStartService.org.firstinspires.ftc.onbotjava.OnBotJavaService"
144-->[:RobotCore-release:] AndroidManifest.xml:103:13-93
145            android:value="RC|2000" />
145-->[:RobotCore-release:] AndroidManifest.xml:104:13-36
146
147        <receiver
147-->[:RobotCore-release:] AndroidManifest.xml:106:9-113:20
148            android:name="org.firstinspires.ftc.robotserver.internal.webserver.controlhubupdater.ChUpdaterCommManager$ChUpdaterBroadcastReceiver"
148-->[:RobotCore-release:] AndroidManifest.xml:107:13-146
149            android:exported="true"
149-->[:RobotCore-release:] AndroidManifest.xml:108:13-36
150            android:permission="android.permission.INSTALL_PACKAGES" >
150-->[:RobotCore-release:] AndroidManifest.xml:109:13-69
151            <intent-filter>
151-->[:RobotCore-release:] AndroidManifest.xml:110:13-112:29
152                <action android:name="com.revrobotics.controlhubupdater.broadcast.RESULT_BROADCAST" />
152-->[:RobotCore-release:] AndroidManifest.xml:111:17-103
152-->[:RobotCore-release:] AndroidManifest.xml:111:25-100
153            </intent-filter>
154        </receiver>
155
156        <activity
156-->[:FtcCommon-release:] AndroidManifest.xml:26:9-30:20
157            android:name="com.qualcomm.ftccommon.FtcRobotControllerSettingsActivity"
157-->[:FtcCommon-release:] AndroidManifest.xml:27:13-85
158            android:exported="true"
158-->[:FtcCommon-release:] AndroidManifest.xml:28:13-36
159            android:label="@string/settings_activity" >
159-->[:FtcCommon-release:] AndroidManifest.xml:29:13-54
160        </activity>
161        <activity
161-->[:FtcCommon-release:] AndroidManifest.xml:31:9-36:20
162            android:name="com.qualcomm.ftccommon.configuration.FtcLoadFileActivity"
162-->[:FtcCommon-release:] AndroidManifest.xml:32:13-84
163            android:configChanges="orientation|screenSize"
163-->[:FtcCommon-release:] AndroidManifest.xml:33:13-59
164            android:exported="true"
164-->[:FtcCommon-release:] AndroidManifest.xml:34:13-36
165            android:label="@string/configure_activity" >
165-->[:FtcCommon-release:] AndroidManifest.xml:35:13-55
166        </activity>
167        <activity
167-->[:FtcCommon-release:] AndroidManifest.xml:37:9-42:20
168            android:name="com.qualcomm.ftccommon.configuration.ConfigureFromTemplateActivity"
168-->[:FtcCommon-release:] AndroidManifest.xml:38:13-94
169            android:configChanges="orientation|screenSize"
169-->[:FtcCommon-release:] AndroidManifest.xml:39:13-59
170            android:exported="true"
170-->[:FtcCommon-release:] AndroidManifest.xml:40:13-36
171            android:label="@string/title_activity_configfromtemplate" >
171-->[:FtcCommon-release:] AndroidManifest.xml:41:13-70
172        </activity>
173        <activity
173-->[:FtcCommon-release:] AndroidManifest.xml:43:9-48:20
174            android:name="com.qualcomm.ftccommon.ViewLogsActivity"
174-->[:FtcCommon-release:] AndroidManifest.xml:44:13-67
175            android:configChanges="orientation|screenSize"
175-->[:FtcCommon-release:] AndroidManifest.xml:45:13-59
176            android:exported="true"
176-->[:FtcCommon-release:] AndroidManifest.xml:46:13-36
177            android:label="@string/view_logs_activity" >
177-->[:FtcCommon-release:] AndroidManifest.xml:47:13-55
178        </activity>
179        <activity
179-->[:FtcCommon-release:] AndroidManifest.xml:49:9-53:20
180            android:name="com.qualcomm.ftccommon.configuration.FtcConfigurationActivity"
180-->[:FtcCommon-release:] AndroidManifest.xml:50:13-89
181            android:configChanges="orientation|screenSize"
181-->[:FtcCommon-release:] AndroidManifest.xml:51:13-59
182            android:label="@string/app_name" >
182-->[:FtcCommon-release:] AndroidManifest.xml:52:13-45
183        </activity>
184        <activity
184-->[:FtcCommon-release:] AndroidManifest.xml:54:9-58:20
185            android:name="com.qualcomm.ftccommon.configuration.FtcNewFileActivity"
185-->[:FtcCommon-release:] AndroidManifest.xml:55:13-83
186            android:configChanges="orientation|screenSize"
186-->[:FtcCommon-release:] AndroidManifest.xml:56:13-59
187            android:label="@string/app_name" >
187-->[:FtcCommon-release:] AndroidManifest.xml:57:13-45
188        </activity>
189        <activity
189-->[:FtcCommon-release:] AndroidManifest.xml:59:9-62:73
190            android:name="com.qualcomm.ftccommon.ConfigWifiDirectActivity"
190-->[:FtcCommon-release:] AndroidManifest.xml:60:13-75
191            android:exported="true"
191-->[:FtcCommon-release:] AndroidManifest.xml:61:13-36
192            android:label="@string/title_activity_config_wifi_direct" />
192-->[:FtcCommon-release:] AndroidManifest.xml:62:13-70
193        <activity
193-->[:FtcCommon-release:] AndroidManifest.xml:63:9-67:20
194            android:name="com.qualcomm.ftccommon.FtcAdvancedRCSettingsActivity"
194-->[:FtcCommon-release:] AndroidManifest.xml:64:13-80
195            android:exported="true"
195-->[:FtcCommon-release:] AndroidManifest.xml:65:13-36
196            android:label="@string/titleAdvancedRCSettings" >
196-->[:FtcCommon-release:] AndroidManifest.xml:66:13-60
197        </activity>
198        <activity
198-->[:FtcCommon-release:] AndroidManifest.xml:68:9-71:20
199            android:name="com.qualcomm.ftccommon.FtcLynxFirmwareUpdateActivity"
199-->[:FtcCommon-release:] AndroidManifest.xml:69:13-80
200            android:exported="true" >
200-->[:FtcCommon-release:] AndroidManifest.xml:70:13-36
201        </activity>
202        <activity
202-->[:FtcCommon-release:] AndroidManifest.xml:72:9-75:20
203            android:name="com.qualcomm.ftccommon.FtcLynxModuleAddressUpdateActivity"
203-->[:FtcCommon-release:] AndroidManifest.xml:73:13-85
204            android:exported="true" >
204-->[:FtcCommon-release:] AndroidManifest.xml:74:13-36
205        </activity>
206        <activity
206-->[:FtcCommon-release:] AndroidManifest.xml:76:9-80:20
207            android:name="com.qualcomm.ftccommon.FtcWifiDirectChannelSelectorActivity"
207-->[:FtcCommon-release:] AndroidManifest.xml:77:13-87
208            android:exported="true"
208-->[:FtcCommon-release:] AndroidManifest.xml:78:13-36
209            android:label="@string/title_activity_wifi_channel_selector" >
209-->[:FtcCommon-release:] AndroidManifest.xml:79:13-73
210        </activity>
211        <activity
211-->[:FtcCommon-release:] AndroidManifest.xml:81:9-85:20
212            android:name="com.qualcomm.ftccommon.FtcWifiDirectRememberedGroupsActivity"
212-->[:FtcCommon-release:] AndroidManifest.xml:82:13-88
213            android:exported="true"
213-->[:FtcCommon-release:] AndroidManifest.xml:83:13-36
214            android:label="@string/title_activity_wifi_remembered_groups_editor" >
214-->[:FtcCommon-release:] AndroidManifest.xml:84:13-81
215        </activity>
216        <activity
216-->[:FtcCommon-release:] AndroidManifest.xml:86:9-89:20
217            android:name="com.qualcomm.ftccommon.AboutActivity"
217-->[:FtcCommon-release:] AndroidManifest.xml:87:13-64
218            android:label="@string/about_activity" >
218-->[:FtcCommon-release:] AndroidManifest.xml:88:13-51
219        </activity>
220        <activity
220-->[:FtcCommon-release:] AndroidManifest.xml:90:9-93:20
221            android:name="com.qualcomm.ftccommon.FtcAboutActivity"
221-->[:FtcCommon-release:] AndroidManifest.xml:91:13-67
222            android:label="@string/ftc_about_activity" >
222-->[:FtcCommon-release:] AndroidManifest.xml:92:13-55
223        </activity>
224        <activity
224-->[:FtcCommon-release:] AndroidManifest.xml:94:9-99:20
225            android:name="com.qualcomm.ftccommon.configuration.EditSwapUsbDevices"
225-->[:FtcCommon-release:] AndroidManifest.xml:95:13-83
226            android:configChanges="orientation|screenSize"
226-->[:FtcCommon-release:] AndroidManifest.xml:96:13-59
227            android:label="@string/edit_swap_devices_activity"
227-->[:FtcCommon-release:] AndroidManifest.xml:97:13-63
228            android:windowSoftInputMode="stateHidden" >
228-->[:FtcCommon-release:] AndroidManifest.xml:98:13-54
229        </activity>
230        <activity
230-->[:FtcCommon-release:] AndroidManifest.xml:100:9-105:20
231            android:name="com.qualcomm.ftccommon.configuration.EditMotorControllerActivity"
231-->[:FtcCommon-release:] AndroidManifest.xml:101:13-92
232            android:configChanges="orientation|screenSize"
232-->[:FtcCommon-release:] AndroidManifest.xml:102:13-59
233            android:label="@string/edit_motor_controller_activity"
233-->[:FtcCommon-release:] AndroidManifest.xml:103:13-67
234            android:windowSoftInputMode="stateHidden" >
234-->[:FtcCommon-release:] AndroidManifest.xml:104:13-54
235        </activity>
236        <activity
236-->[:FtcCommon-release:] AndroidManifest.xml:106:9-111:20
237            android:name="com.qualcomm.ftccommon.configuration.EditLegacyMotorControllerActivity"
237-->[:FtcCommon-release:] AndroidManifest.xml:107:13-98
238            android:configChanges="orientation|screenSize"
238-->[:FtcCommon-release:] AndroidManifest.xml:108:13-59
239            android:label="@string/edit_motor_controller_activity"
239-->[:FtcCommon-release:] AndroidManifest.xml:109:13-67
240            android:windowSoftInputMode="stateHidden" >
240-->[:FtcCommon-release:] AndroidManifest.xml:110:13-54
241        </activity>
242        <activity
242-->[:FtcCommon-release:] AndroidManifest.xml:112:9-117:20
243            android:name="com.qualcomm.ftccommon.configuration.EditMotorListActivity"
243-->[:FtcCommon-release:] AndroidManifest.xml:113:13-86
244            android:configChanges="orientation|screenSize"
244-->[:FtcCommon-release:] AndroidManifest.xml:114:13-59
245            android:label="@string/edit_motor_controller_activity"
245-->[:FtcCommon-release:] AndroidManifest.xml:115:13-67
246            android:windowSoftInputMode="stateHidden" >
246-->[:FtcCommon-release:] AndroidManifest.xml:116:13-54
247        </activity>
248        <activity
248-->[:FtcCommon-release:] AndroidManifest.xml:118:9-123:20
249            android:name="com.qualcomm.ftccommon.configuration.EditServoControllerActivity"
249-->[:FtcCommon-release:] AndroidManifest.xml:119:13-92
250            android:configChanges="orientation|screenSize"
250-->[:FtcCommon-release:] AndroidManifest.xml:120:13-59
251            android:label="@string/edit_servo_controller_activity"
251-->[:FtcCommon-release:] AndroidManifest.xml:121:13-67
252            android:windowSoftInputMode="stateHidden|adjustResize" >
252-->[:FtcCommon-release:] AndroidManifest.xml:122:13-67
253        </activity>
254        <activity
254-->[:FtcCommon-release:] AndroidManifest.xml:124:9-129:20
255            android:name="com.qualcomm.ftccommon.configuration.EditLegacyServoControllerActivity"
255-->[:FtcCommon-release:] AndroidManifest.xml:125:13-98
256            android:configChanges="orientation|screenSize"
256-->[:FtcCommon-release:] AndroidManifest.xml:126:13-59
257            android:label="@string/edit_servo_controller_activity"
257-->[:FtcCommon-release:] AndroidManifest.xml:127:13-67
258            android:windowSoftInputMode="stateHidden|adjustResize" >
258-->[:FtcCommon-release:] AndroidManifest.xml:128:13-67
259        </activity>
260        <activity
260-->[:FtcCommon-release:] AndroidManifest.xml:130:9-135:20
261            android:name="com.qualcomm.ftccommon.configuration.EditServoListActivity"
261-->[:FtcCommon-release:] AndroidManifest.xml:131:13-86
262            android:configChanges="orientation|screenSize"
262-->[:FtcCommon-release:] AndroidManifest.xml:132:13-59
263            android:label="@string/edit_servo_controller_activity"
263-->[:FtcCommon-release:] AndroidManifest.xml:133:13-67
264            android:windowSoftInputMode="stateHidden|adjustResize" >
264-->[:FtcCommon-release:] AndroidManifest.xml:134:13-67
265        </activity>
266        <activity
266-->[:FtcCommon-release:] AndroidManifest.xml:136:9-141:20
267            android:name="com.qualcomm.ftccommon.configuration.EditLegacyModuleControllerActivity"
267-->[:FtcCommon-release:] AndroidManifest.xml:137:13-99
268            android:configChanges="orientation|screenSize"
268-->[:FtcCommon-release:] AndroidManifest.xml:138:13-59
269            android:label="@string/edit_legacy_module_controller_activity"
269-->[:FtcCommon-release:] AndroidManifest.xml:139:13-75
270            android:windowSoftInputMode="stateHidden|adjustResize" >
270-->[:FtcCommon-release:] AndroidManifest.xml:140:13-67
271        </activity>
272        <activity
272-->[:FtcCommon-release:] AndroidManifest.xml:142:9-147:20
273            android:name="com.qualcomm.ftccommon.configuration.EditMatrixControllerActivity"
273-->[:FtcCommon-release:] AndroidManifest.xml:143:13-93
274            android:configChanges="orientation|screenSize"
274-->[:FtcCommon-release:] AndroidManifest.xml:144:13-59
275            android:label="@string/edit_matrix_controller_activity"
275-->[:FtcCommon-release:] AndroidManifest.xml:145:13-68
276            android:windowSoftInputMode="stateHidden|adjustResize" >
276-->[:FtcCommon-release:] AndroidManifest.xml:146:13-67
277        </activity>
278        <activity
278-->[:FtcCommon-release:] AndroidManifest.xml:148:9-153:20
279            android:name="com.qualcomm.ftccommon.configuration.EditDeviceInterfaceModuleActivity"
279-->[:FtcCommon-release:] AndroidManifest.xml:149:13-98
280            android:configChanges="orientation|screenSize"
280-->[:FtcCommon-release:] AndroidManifest.xml:150:13-59
281            android:label="@string/edit_core_device_interface_module_controller_activity"
281-->[:FtcCommon-release:] AndroidManifest.xml:151:13-90
282            android:windowSoftInputMode="stateHidden|adjustResize" >
282-->[:FtcCommon-release:] AndroidManifest.xml:152:13-67
283        </activity>
284        <activity
284-->[:FtcCommon-release:] AndroidManifest.xml:154:9-159:20
285            android:name="com.qualcomm.ftccommon.configuration.EditLynxModuleActivity"
285-->[:FtcCommon-release:] AndroidManifest.xml:155:13-87
286            android:configChanges="orientation|screenSize"
286-->[:FtcCommon-release:] AndroidManifest.xml:156:13-59
287            android:label="@string/edit_lynx_module_controller_activity"
287-->[:FtcCommon-release:] AndroidManifest.xml:157:13-73
288            android:windowSoftInputMode="stateHidden|adjustResize" >
288-->[:FtcCommon-release:] AndroidManifest.xml:158:13-67
289        </activity>
290        <activity
290-->[:FtcCommon-release:] AndroidManifest.xml:160:9-165:20
291            android:name="com.qualcomm.ftccommon.configuration.EditLynxUsbDeviceActivity"
291-->[:FtcCommon-release:] AndroidManifest.xml:161:13-90
292            android:configChanges="orientation|screenSize"
292-->[:FtcCommon-release:] AndroidManifest.xml:162:13-59
293            android:label="@string/edit_lynx_usb_device_activity"
293-->[:FtcCommon-release:] AndroidManifest.xml:163:13-66
294            android:windowSoftInputMode="stateHidden|adjustResize" >
294-->[:FtcCommon-release:] AndroidManifest.xml:164:13-67
295        </activity>
296        <activity
296-->[:FtcCommon-release:] AndroidManifest.xml:166:9-171:20
297            android:name="com.qualcomm.ftccommon.configuration.EditWebcamActivity"
297-->[:FtcCommon-release:] AndroidManifest.xml:167:13-83
298            android:configChanges="orientation|screenSize"
298-->[:FtcCommon-release:] AndroidManifest.xml:168:13-59
299            android:label="@string/edit_webcam_activity"
299-->[:FtcCommon-release:] AndroidManifest.xml:169:13-57
300            android:windowSoftInputMode="stateHidden|adjustResize" >
300-->[:FtcCommon-release:] AndroidManifest.xml:170:13-67
301        </activity>
302        <activity
302-->[:FtcCommon-release:] AndroidManifest.xml:172:9-177:20
303            android:name="com.qualcomm.ftccommon.configuration.EditPWMDevicesActivity"
303-->[:FtcCommon-release:] AndroidManifest.xml:173:13-87
304            android:configChanges="orientation|screenSize"
304-->[:FtcCommon-release:] AndroidManifest.xml:174:13-59
305            android:label="@string/edit_pwm_devices_activity"
305-->[:FtcCommon-release:] AndroidManifest.xml:175:13-62
306            android:windowSoftInputMode="stateHidden|adjustResize" >
306-->[:FtcCommon-release:] AndroidManifest.xml:176:13-67
307        </activity>
308        <activity
308-->[:FtcCommon-release:] AndroidManifest.xml:178:9-183:20
309            android:name="com.qualcomm.ftccommon.configuration.EditAnalogInputDevicesActivity"
309-->[:FtcCommon-release:] AndroidManifest.xml:179:13-95
310            android:configChanges="orientation|screenSize"